Build started 7/7/2016 10:22:40 PM.
     1>Project "C:\Users\Michael\Documents\GitHub\Scramble\Pong\Pong.vcxproj" on node 2 (build target(s)).
     1>InitializeBuildStatus:
         Touching "Debug\Scramble.unsuccessfulbuild".
       ClCompile:
         All outputs are up-to-date.
       ManifestResourceCompile:
         All outputs are up-to-date.
       Link:
         C:\Program Files (x86)\Microsoft Visual Studio 10.0\VC\bin\link.exe /ERRORREPORT:PROMPT /OUT:"C:\Users\Michael\Documents\GitHub\Scramble\Debug\Scramble.exe" /INCREMENTAL /NOLOGO "sfml-audio-d.lib" "sfml-graphics-d.lib" "sfml-main-d.lib" "sfml-system-d.lib" "sfml-window-d.lib" kernel32.lib user32.lib gdi32.lib winspool.lib comdlg32.lib advapi32.lib shell32.lib ole32.lib oleaut32.lib uuid.lib odbc32.lib odbccp32.lib /MANIFEST /ManifestFile:"Debug\Scramble.exe.intermediate.manifest" /MANIFESTUAC:"level='asInvoker' uiAccess='false'" /DEBUG /PDB:"C:\Users\Michael\Documents\GitHub\Scramble\Debug\Scramble.pdb" /SUBSYSTEM:CONSOLE /TLBID:1 /DYNAMICBASE /NXCOMPAT /IMPLIB:"C:\Users\Michael\Documents\GitHub\Scramble\Debug\Scramble.lib" /MACHINE:X86 Debug\Scramble.exe.embed.manifest.res
         Debug\main_game.obj
         Debug\map.obj
         Debug\player.obj
         Debug\Scramble.obj
         Debug\score.obj
         Debug\stdafx.obj
         Debug\menu.obj
       Manifest:
         C:\Program Files (x86)\Microsoft SDKs\Windows\v7.0A\bin\mt.exe /nologo /verbose /out:"Debug\Scramble.exe.embed.manifest" /manifest Debug\Scramble.exe.intermediate.manifest
         All outputs are up-to-date.
       LinkEmbedManifest:
         All outputs are up-to-date.
         Pong.vcxproj -> C:\Users\Michael\Documents\GitHub\Scramble\Debug\Scramble.exe
       FinalizeBuildStatus:
         Deleting file "Debug\Scramble.unsuccessfulbuild".
         Touching "Debug\Scramble.lastbuildstate".
     1>Done Building Project "C:\Users\Michael\Documents\GitHub\Scramble\Pong\Pong.vcxproj" (build target(s)).

Build succeeded.

Time Elapsed 00:00:00.53
