Build started 8/7/2016 8:15:29 PM.
     1>Project "C:\Users\Michael\Documents\GitHub\Scramble\Pong\Pong.vcxproj" on node 2 (build target(s)).
     1>PrepareForBuild:
         Creating directory "C:\Users\Michael\Documents\GitHub\Scramble\Release\".
       InitializeBuildStatus:
         Creating "Release\Scramble.unsuccessfulbuild" because "AlwaysCreate" was specified.
       ClCompile:
         C:\Program Files (x86)\Microsoft Visual Studio 10.0\VC\bin\CL.exe /c /Zi /nologo /W3 /WX- /O2 /Oi /Oy- /GL /D WIN32 /D NDEBUG /D _CONSOLE /D _UNICODE /D UNICODE /Gm- /EHsc /MD /GS /Gy /fp:precise /Zc:wchar_t /Zc:forScope /Fo"Release\\" /Fd"Release\vc100.pdb" /Gd /TP /analyze- /errorReport:prompt bullet.cpp end.cpp enemy.cpp main_game.cpp map.cpp player.cpp Scramble.cpp score.cpp stdafx.cpp menu.cpp
         bullet.cpp
     1>c:\users\michael\documents\github\scramble\pong\entity.h(3): fatal error C1083: Cannot open include file: 'SFML/Graphics.hpp': No such file or directory
         end.cpp
     1>c:\users\michael\documents\github\scramble\pong\game_state.h(3): fatal error C1083: Cannot open include file: 'SFML/Graphics.hpp': No such file or directory
         enemy.cpp
     1>c:\users\michael\documents\github\scramble\pong\entity.h(3): fatal error C1083: Cannot open include file: 'SFML/Graphics.hpp': No such file or directory
         main_game.cpp
     1>c:\users\michael\documents\github\scramble\pong\game_state.h(3): fatal error C1083: Cannot open include file: 'SFML/Graphics.hpp': No such file or directory
         map.cpp
     1>c:\users\michael\documents\github\scramble\pong\entity.h(3): fatal error C1083: Cannot open include file: 'SFML/Graphics.hpp': No such file or directory
         player.cpp
     1>c:\users\michael\documents\github\scramble\pong\entity.h(3): fatal error C1083: Cannot open include file: 'SFML/Graphics.hpp': No such file or directory
         Scramble.cpp
     1>c:\users\michael\documents\github\scramble\pong\game_state.h(3): fatal error C1083: Cannot open include file: 'SFML/Graphics.hpp': No such file or directory
         score.cpp
     1>c:\users\michael\documents\github\scramble\pong\score.h(3): fatal error C1083: Cannot open include file: 'SFML/Graphics.hpp': No such file or directory
         stdafx.cpp
         menu.cpp
     1>c:\users\michael\documents\github\scramble\pong\game_state.h(3): fatal error C1083: Cannot open include file: 'SFML/Graphics.hpp': No such file or directory
     1>Done Building Project "C:\Users\Michael\Documents\GitHub\Scramble\Pong\Pong.vcxproj" (build target(s)) -- FAILED.

Build FAILED.

Time Elapsed 00:00:00.70
